
====================================================================================================
[START] 2026-04-04 00:14:05.821678
====================================================================================================
[SUMMARY] t=1760     sub=1A   success_rate_100=0.000 reward_mean_100=0.086 ep_len_mean_100=220.0 dist_mean_100=0.2664 xy_mean_100=0.1311 z_mean_100=0.2319 stable_mean_100=0.00 yaw_mean_100=0.0113
[SUMMARY] t=3520     sub=1A   success_rate_100=0.000 reward_mean_100=-0.266 ep_len_mean_100=220.0 dist_mean_100=0.2478 xy_mean_100=0.1392 z_mean_100=0.2037 stable_mean_100=0.00 yaw_mean_100=0.0120
[SUMMARY] t=5280     sub=1A   success_rate_100=0.000 reward_mean_100=-0.394 ep_len_mean_100=220.0 dist_mean_100=0.2739 xy_mean_100=0.1292 z_mean_100=0.2382 stable_mean_100=0.00 yaw_mean_100=0.0105
[SUMMARY] t=7040     sub=1A   success_rate_100=0.000 reward_mean_100=-0.166 ep_len_mean_100=220.0 dist_mean_100=0.2667 xy_mean_100=0.1047 z_mean_100=0.2395 stable_mean_100=0.00 yaw_mean_100=0.0104
[SUMMARY] t=8800     sub=1A   success_rate_100=0.000 reward_mean_100=-0.282 ep_len_mean_100=220.0 dist_mean_100=0.2965 xy_mean_100=0.1099 z_mean_100=0.2706 stable_mean_100=0.00 yaw_mean_100=0.0107
[SUMMARY] t=9856     sub=1A   success_rate_100=0.167 reward_mean_100=0.657 ep_len_mean_100=205.3 dist_mean_100=0.2597 xy_mean_100=0.0937 z_mean_100=0.2379 stable_mean_100=0.00 yaw_mean_100=0.0107
[SUMMARY] t=11616    sub=1A   success_rate_100=0.143 reward_mean_100=0.475 ep_len_mean_100=207.4 dist_mean_100=0.2710 xy_mean_100=0.0959 z_mean_100=0.2497 stable_mean_100=0.00 yaw_mean_100=0.0114
[SUMMARY] t=13376    sub=1A   success_rate_100=0.125 reward_mean_100=0.304 ep_len_mean_100=209.0 dist_mean_100=0.2911 xy_mean_100=0.1099 z_mean_100=0.2658 stable_mean_100=0.00 yaw_mean_100=0.0117
[SUMMARY] t=15136    sub=1A   success_rate_100=0.111 reward_mean_100=0.205 ep_len_mean_100=210.2 dist_mean_100=0.2917 xy_mean_100=0.1070 z_mean_100=0.2679 stable_mean_100=0.00 yaw_mean_100=0.0121
[SUMMARY] t=16896    sub=1A   success_rate_100=0.100 reward_mean_100=0.128 ep_len_mean_100=211.2 dist_mean_100=0.2824 xy_mean_100=0.1091 z_mean_100=0.2563 stable_mean_100=0.00 yaw_mean_100=0.0121
[SUMMARY] t=18656    sub=1A   success_rate_100=0.091 reward_mean_100=0.061 ep_len_mean_100=212.0 dist_mean_100=0.2749 xy_mean_100=0.1133 z_mean_100=0.2445 stable_mean_100=0.00 yaw_mean_100=0.0133
[SUMMARY] t=20416    sub=1A   success_rate_100=0.083 reward_mean_100=0.162 ep_len_mean_100=212.7 dist_mean_100=0.2701 xy_mean_100=0.1102 z_mean_100=0.2411 stable_mean_100=0.00 yaw_mean_100=0.0132
[SUMMARY] t=22176    sub=1A   success_rate_100=0.077 reward_mean_100=0.205 ep_len_mean_100=213.2 dist_mean_100=0.2675 xy_mean_100=0.1068 z_mean_100=0.2400 stable_mean_100=0.00 yaw_mean_100=0.0134
[SUMMARY] t=23936    sub=1A   success_rate_100=0.071 reward_mean_100=0.193 ep_len_mean_100=213.7 dist_mean_100=0.2648 xy_mean_100=0.1070 z_mean_100=0.2372 stable_mean_100=0.00 yaw_mean_100=0.0142
[SUMMARY] t=25696    sub=1A   success_rate_100=0.067 reward_mean_100=0.125 ep_len_mean_100=214.1 dist_mean_100=0.2681 xy_mean_100=0.1149 z_mean_100=0.2360 stable_mean_100=0.00 yaw_mean_100=0.0143
[SUMMARY] t=27456    sub=1A   success_rate_100=0.062 reward_mean_100=0.084 ep_len_mean_100=214.5 dist_mean_100=0.2583 xy_mean_100=0.1128 z_mean_100=0.2261 stable_mean_100=0.00 yaw_mean_100=0.0141
[SUMMARY] t=29216    sub=1A   success_rate_100=0.059 reward_mean_100=0.037 ep_len_mean_100=214.8 dist_mean_100=0.2547 xy_mean_100=0.1151 z_mean_100=0.2201 stable_mean_100=0.00 yaw_mean_100=0.0141
[SUMMARY] t=30976    sub=1A   success_rate_100=0.056 reward_mean_100=0.168 ep_len_mean_100=215.1 dist_mean_100=0.2464 xy_mean_100=0.1113 z_mean_100=0.2132 stable_mean_100=0.00 yaw_mean_100=0.0141
[SUMMARY] t=32736    sub=1A   success_rate_100=0.053 reward_mean_100=0.134 ep_len_mean_100=215.4 dist_mean_100=0.2451 xy_mean_100=0.1113 z_mean_100=0.2121 stable_mean_100=0.00 yaw_mean_100=0.0139
[SUMMARY] t=34040    sub=1A   success_rate_100=0.100 reward_mean_100=0.300 ep_len_mean_100=212.8 dist_mean_100=0.2368 xy_mean_100=0.1075 z_mean_100=0.2050 stable_mean_100=0.00 yaw_mean_100=0.0139
[SUMMARY] t=35120    sub=1A   success_rate_100=0.143 reward_mean_100=0.454 ep_len_mean_100=209.0 dist_mean_100=0.2291 xy_mean_100=0.1026 z_mean_100=0.1988 stable_mean_100=0.00 yaw_mean_100=0.0139
[SUMMARY] t=35912    sub=1A   success_rate_100=0.182 reward_mean_100=0.611 ep_len_mean_100=204.0 dist_mean_100=0.2223 xy_mean_100=0.1002 z_mean_100=0.1926 stable_mean_100=0.00 yaw_mean_100=0.0137
[SUMMARY] t=37528    sub=1A   success_rate_100=0.217 reward_mean_100=0.771 ep_len_mean_100=204.0 dist_mean_100=0.2161 xy_mean_100=0.0972 z_mean_100=0.1875 stable_mean_100=0.00 yaw_mean_100=0.0138
[SUMMARY] t=38824    sub=1A   success_rate_100=0.250 reward_mean_100=0.902 ep_len_mean_100=202.2 dist_mean_100=0.2103 xy_mean_100=0.0947 z_mean_100=0.1823 stable_mean_100=0.00 yaw_mean_100=0.0137
[SUMMARY] t=39816    sub=1A   success_rate_100=0.280 reward_mean_100=1.068 ep_len_mean_100=199.1 dist_mean_100=0.2050 xy_mean_100=0.0924 z_mean_100=0.1779 stable_mean_100=0.00 yaw_mean_100=0.0136
[SUMMARY] t=41576    sub=1A   success_rate_100=0.269 reward_mean_100=0.996 ep_len_mean_100=199.9 dist_mean_100=0.2019 xy_mean_100=0.0923 z_mean_100=0.1743 stable_mean_100=0.00 yaw_mean_100=0.0135
[SUMMARY] t=43336    sub=1A   success_rate_100=0.259 reward_mean_100=0.942 ep_len_mean_100=200.6 dist_mean_100=0.2023 xy_mean_100=0.0905 z_mean_100=0.1756 stable_mean_100=0.00 yaw_mean_100=0.0135
[SUMMARY] t=44496    sub=1A   success_rate_100=0.286 reward_mean_100=1.023 ep_len_mean_100=198.6 dist_mean_100=0.1979 xy_mean_100=0.0892 z_mean_100=0.1713 stable_mean_100=0.00 yaw_mean_100=0.0135
[SUMMARY] t=46256    sub=1A   success_rate_100=0.276 reward_mean_100=0.979 ep_len_mean_100=199.4 dist_mean_100=0.1964 xy_mean_100=0.0900 z_mean_100=0.1691 stable_mean_100=0.00 yaw_mean_100=0.0136
[SUMMARY] t=47008    sub=1A   success_rate_100=0.300 reward_mean_100=1.061 ep_len_mean_100=195.9 dist_mean_100=0.1924 xy_mean_100=0.0887 z_mean_100=0.1654 stable_mean_100=0.00 yaw_mean_100=0.0136
[SUMMARY] t=47672    sub=1A   success_rate_100=0.323 reward_mean_100=1.168 ep_len_mean_100=192.2 dist_mean_100=0.1887 xy_mean_100=0.0868 z_mean_100=0.1624 stable_mean_100=0.00 yaw_mean_100=0.0136
[SUMMARY] t=48888    sub=1A   success_rate_100=0.344 reward_mean_100=1.241 ep_len_mean_100=191.0 dist_mean_100=0.1853 xy_mean_100=0.0851 z_mean_100=0.1595 stable_mean_100=0.00 yaw_mean_100=0.0135
[SUMMARY] t=49376    sub=1A   success_rate_100=0.364 reward_mean_100=1.313 ep_len_mean_100=187.0 dist_mean_100=0.1821 xy_mean_100=0.0839 z_mean_100=0.1567 stable_mean_100=0.00 yaw_mean_100=0.0135
[SUMMARY] t=50672    sub=1A   success_rate_100=0.382 reward_mean_100=1.388 ep_len_mean_100=186.3 dist_mean_100=0.1789 xy_mean_100=0.0827 z_mean_100=0.1538 stable_mean_100=0.00 yaw_mean_100=0.0134
[SUMMARY] t=51824    sub=1A   success_rate_100=0.400 reward_mean_100=1.497 ep_len_mean_100=185.1 dist_mean_100=0.1759 xy_mean_100=0.0816 z_mean_100=0.1512 stable_mean_100=0.00 yaw_mean_100=0.0134
[SUMMARY] t=53584    sub=1A   success_rate_100=0.389 reward_mean_100=1.441 ep_len_mean_100=186.1 dist_mean_100=0.1742 xy_mean_100=0.0816 z_mean_100=0.1491 stable_mean_100=0.00 yaw_mean_100=0.0136
[SUMMARY] t=54640    sub=1A   success_rate_100=0.405 reward_mean_100=1.556 ep_len_mean_100=184.6 dist_mean_100=0.1716 xy_mean_100=0.0802 z_mean_100=0.1471 stable_mean_100=0.00 yaw_mean_100=0.0136
[SUMMARY] t=55352    sub=1A   success_rate_100=0.421 reward_mean_100=1.652 ep_len_mean_100=182.1 dist_mean_100=0.1691 xy_mean_100=0.0794 z_mean_100=0.1448 stable_mean_100=0.00 yaw_mean_100=0.0137
[SUMMARY] t=56088    sub=1A   success_rate_100=0.436 reward_mean_100=1.719 ep_len_mean_100=179.8 dist_mean_100=0.1667 xy_mean_100=0.0789 z_mean_100=0.1423 stable_mean_100=0.00 yaw_mean_100=0.0137
[SUMMARY] t=57192    sub=1A   success_rate_100=0.450 reward_mean_100=1.780 ep_len_mean_100=178.7 dist_mean_100=0.1645 xy_mean_100=0.0777 z_mean_100=0.1404 stable_mean_100=0.00 yaw_mean_100=0.0137
[SUMMARY] t=58184    sub=1A   success_rate_100=0.463 reward_mean_100=1.867 ep_len_mean_100=177.4 dist_mean_100=0.1624 xy_mean_100=0.0768 z_mean_100=0.1387 stable_mean_100=0.00 yaw_mean_100=0.0137
[SUMMARY] t=59120    sub=1A   success_rate_100=0.476 reward_mean_100=1.928 ep_len_mean_100=176.0 dist_mean_100=0.1604 xy_mean_100=0.0760 z_mean_100=0.1369 stable_mean_100=0.00 yaw_mean_100=0.0137
[SUMMARY] t=59616    sub=1A   success_rate_100=0.488 reward_mean_100=1.982 ep_len_mean_100=173.3 dist_mean_100=0.1584 xy_mean_100=0.0752 z_mean_100=0.1352 stable_mean_100=0.00 yaw_mean_100=0.0137
[SUMMARY] t=60248    sub=1A   success_rate_100=0.500 reward_mean_100=2.021 ep_len_mean_100=171.2 dist_mean_100=0.1566 xy_mean_100=0.0746 z_mean_100=0.1335 stable_mean_100=0.00 yaw_mean_100=0.0137
[SUMMARY] t=60744    sub=1A   success_rate_100=0.511 reward_mean_100=2.074 ep_len_mean_100=168.7 dist_mean_100=0.1548 xy_mean_100=0.0738 z_mean_100=0.1320 stable_mean_100=0.00 yaw_mean_100=0.0136
[SUMMARY] t=61680    sub=1A   success_rate_100=0.522 reward_mean_100=2.141 ep_len_mean_100=167.6 dist_mean_100=0.1531 xy_mean_100=0.0724 z_mean_100=0.1308 stable_mean_100=0.00 yaw_mean_100=0.0137
[SUMMARY] t=62144    sub=1A   success_rate_100=0.532 reward_mean_100=2.197 ep_len_mean_100=165.3 dist_mean_100=0.1516 xy_mean_100=0.0714 z_mean_100=0.1296 stable_mean_100=0.00 yaw_mean_100=0.0137
[SUMMARY] t=63120    sub=1A   success_rate_100=0.542 reward_mean_100=2.230 ep_len_mean_100=164.4 dist_mean_100=0.1500 xy_mean_100=0.0704 z_mean_100=0.1284 stable_mean_100=0.00 yaw_mean_100=0.0137
[SUMMARY] t=63648    sub=1A   success_rate_100=0.551 reward_mean_100=2.261 ep_len_mean_100=162.4 dist_mean_100=0.1485 xy_mean_100=0.0700 z_mean_100=0.1270 stable_mean_100=0.00 yaw_mean_100=0.0137
[SUMMARY] t=64240    sub=1A   success_rate_100=0.560 reward_mean_100=2.283 ep_len_mean_100=160.6 dist_mean_100=0.1471 xy_mean_100=0.0700 z_mean_100=0.1250 stable_mean_100=0.00 yaw_mean_100=0.0137
[SUMMARY] t=65640    sub=1A   success_rate_100=0.569 reward_mean_100=2.335 ep_len_mean_100=160.9 dist_mean_100=0.1458 xy_mean_100=0.0702 z_mean_100=0.1227 stable_mean_100=0.00 yaw_mean_100=0.0138
[SUMMARY] t=66360    sub=1A   success_rate_100=0.577 reward_mean_100=2.355 ep_len_mean_100=159.5 dist_mean_100=0.1445 xy_mean_100=0.0701 z_mean_100=0.1212 stable_mean_100=0.00 yaw_mean_100=0.0137
[SUMMARY] t=67048    sub=1A   success_rate_100=0.585 reward_mean_100=2.400 ep_len_mean_100=158.1 dist_mean_100=0.1433 xy_mean_100=0.0695 z_mean_100=0.1202 stable_mean_100=0.00 yaw_mean_100=0.0138
[SUMMARY] t=67568    sub=1A   success_rate_100=0.593 reward_mean_100=2.446 ep_len_mean_100=156.4 dist_mean_100=0.1420 xy_mean_100=0.0686 z_mean_100=0.1194 stable_mean_100=0.00 yaw_mean_100=0.0138
[SUMMARY] t=68176    sub=1A   success_rate_100=0.600 reward_mean_100=2.489 ep_len_mean_100=154.9 dist_mean_100=0.1408 xy_mean_100=0.0681 z_mean_100=0.1184 stable_mean_100=0.00 yaw_mean_100=0.0138
[SUMMARY] t=68632    sub=1A   success_rate_100=0.607 reward_mean_100=2.509 ep_len_mean_100=153.2 dist_mean_100=0.1397 xy_mean_100=0.0678 z_mean_100=0.1173 stable_mean_100=0.00 yaw_mean_100=0.0138
[SUMMARY] t=68968    sub=1A   success_rate_100=0.614 reward_mean_100=2.545 ep_len_mean_100=151.2 dist_mean_100=0.1387 xy_mean_100=0.0675 z_mean_100=0.1163 stable_mean_100=0.00 yaw_mean_100=0.0138
[SUMMARY] t=69520    sub=1A   success_rate_100=0.621 reward_mean_100=2.594 ep_len_mean_100=149.8 dist_mean_100=0.1376 xy_mean_100=0.0667 z_mean_100=0.1156 stable_mean_100=0.00 yaw_mean_100=0.0138
[SUMMARY] t=70040    sub=1A   success_rate_100=0.627 reward_mean_100=2.632 ep_len_mean_100=148.4 dist_mean_100=0.1366 xy_mean_100=0.0659 z_mean_100=0.1149 stable_mean_100=0.00 yaw_mean_100=0.0138
[SUMMARY] t=70408    sub=1A   success_rate_100=0.633 reward_mean_100=2.647 ep_len_mean_100=146.7 dist_mean_100=0.1356 xy_mean_100=0.0658 z_mean_100=0.1138 stable_mean_100=0.00 yaw_mean_100=0.0138
[SUMMARY] t=70856    sub=1A   success_rate_100=0.639 reward_mean_100=2.683 ep_len_mean_100=145.2 dist_mean_100=0.1347 xy_mean_100=0.0653 z_mean_100=0.1132 stable_mean_100=0.00 yaw_mean_100=0.0138
[SUMMARY] t=71512    sub=1A   success_rate_100=0.645 reward_mean_100=2.720 ep_len_mean_100=144.2 dist_mean_100=0.1338 xy_mean_100=0.0648 z_mean_100=0.1125 stable_mean_100=0.00 yaw_mean_100=0.0138
[SUMMARY] t=72032    sub=1A   success_rate_100=0.651 reward_mean_100=2.744 ep_len_mean_100=142.9 dist_mean_100=0.1329 xy_mean_100=0.0642 z_mean_100=0.1118 stable_mean_100=0.00 yaw_mean_100=0.0139
[SUMMARY] t=72664    sub=1A   success_rate_100=0.656 reward_mean_100=2.782 ep_len_mean_100=141.9 dist_mean_100=0.1320 xy_mean_100=0.0636 z_mean_100=0.1112 stable_mean_100=0.00 yaw_mean_100=0.0139
[SUMMARY] t=73320    sub=1A   success_rate_100=0.662 reward_mean_100=2.794 ep_len_mean_100=141.0 dist_mean_100=0.1312 xy_mean_100=0.0636 z_mean_100=0.1102 stable_mean_100=0.00 yaw_mean_100=0.0139
[SUMMARY] t=73736    sub=1A   success_rate_100=0.667 reward_mean_100=2.819 ep_len_mean_100=139.7 dist_mean_100=0.1303 xy_mean_100=0.0629 z_mean_100=0.1096 stable_mean_100=0.00 yaw_mean_100=0.0139
[SUMMARY] t=74120    sub=1A   success_rate_100=0.672 reward_mean_100=2.841 ep_len_mean_100=138.3 dist_mean_100=0.1295 xy_mean_100=0.0625 z_mean_100=0.1090 stable_mean_100=0.00 yaw_mean_100=0.0139
[SUMMARY] t=74544    sub=1A   success_rate_100=0.676 reward_mean_100=2.871 ep_len_mean_100=137.0 dist_mean_100=0.1288 xy_mean_100=0.0619 z_mean_100=0.1085 stable_mean_100=0.00 yaw_mean_100=0.0139
[SUMMARY] t=75144    sub=1A   success_rate_100=0.681 reward_mean_100=2.903 ep_len_mean_100=136.1 dist_mean_100=0.1280 xy_mean_100=0.0614 z_mean_100=0.1080 stable_mean_100=0.00 yaw_mean_100=0.0139
[SUMMARY] t=75696    sub=1A   success_rate_100=0.686 reward_mean_100=2.926 ep_len_mean_100=135.2 dist_mean_100=0.1273 xy_mean_100=0.0612 z_mean_100=0.1074 stable_mean_100=0.00 yaw_mean_100=0.0139
[SUMMARY] t=76104    sub=1A   success_rate_100=0.690 reward_mean_100=2.956 ep_len_mean_100=134.0 dist_mean_100=0.1267 xy_mean_100=0.0607 z_mean_100=0.1069 stable_mean_100=0.00 yaw_mean_100=0.0139
[SUMMARY] t=76856    sub=1A   success_rate_100=0.694 reward_mean_100=2.980 ep_len_mean_100=133.4 dist_mean_100=0.1259 xy_mean_100=0.0603 z_mean_100=0.1064 stable_mean_100=0.00 yaw_mean_100=0.0138
[SUMMARY] t=77288    sub=1A   success_rate_100=0.699 reward_mean_100=3.005 ep_len_mean_100=132.3 dist_mean_100=0.1252 xy_mean_100=0.0598 z_mean_100=0.1059 stable_mean_100=0.00 yaw_mean_100=0.0138
[SUMMARY] t=77968    sub=1A   success_rate_100=0.703 reward_mean_100=3.040 ep_len_mean_100=131.7 dist_mean_100=0.1245 xy_mean_100=0.0592 z_mean_100=0.1054 stable_mean_100=0.00 yaw_mean_100=0.0138
[SUMMARY] t=78440    sub=1A   success_rate_100=0.707 reward_mean_100=3.061 ep_len_mean_100=130.7 dist_mean_100=0.1239 xy_mean_100=0.0587 z_mean_100=0.1050 stable_mean_100=0.00 yaw_mean_100=0.0138
[SUMMARY] t=78976    sub=1A   success_rate_100=0.711 reward_mean_100=3.067 ep_len_mean_100=129.9 dist_mean_100=0.1233 xy_mean_100=0.0586 z_mean_100=0.1044 stable_mean_100=0.00 yaw_mean_100=0.0138
[SUMMARY] t=79592    sub=1A   success_rate_100=0.714 reward_mean_100=3.088 ep_len_mean_100=129.2 dist_mean_100=0.1227 xy_mean_100=0.0582 z_mean_100=0.1040 stable_mean_100=0.00 yaw_mean_100=0.0138
[SUMMARY] t=80136    sub=1A   success_rate_100=0.718 reward_mean_100=3.120 ep_len_mean_100=128.4 dist_mean_100=0.1222 xy_mean_100=0.0576 z_mean_100=0.1037 stable_mean_100=0.00 yaw_mean_100=0.0138
[SUMMARY] t=80856    sub=1A   success_rate_100=0.722 reward_mean_100=3.127 ep_len_mean_100=127.9 dist_mean_100=0.1216 xy_mean_100=0.0574 z_mean_100=0.1032 stable_mean_100=0.00 yaw_mean_100=0.0138
[SUMMARY] t=81520    sub=1A   success_rate_100=0.725 reward_mean_100=3.150 ep_len_mean_100=127.4 dist_mean_100=0.1211 xy_mean_100=0.0573 z_mean_100=0.1027 stable_mean_100=0.00 yaw_mean_100=0.0138
[SUMMARY] t=82080    sub=1A   success_rate_100=0.728 reward_mean_100=3.176 ep_len_mean_100=126.7 dist_mean_100=0.1205 xy_mean_100=0.0569 z_mean_100=0.1023 stable_mean_100=0.00 yaw_mean_100=0.0138
[SUMMARY] t=82696    sub=1A   success_rate_100=0.732 reward_mean_100=3.188 ep_len_mean_100=126.1 dist_mean_100=0.1199 xy_mean_100=0.0563 z_mean_100=0.1020 stable_mean_100=0.00 yaw_mean_100=0.0138
[SUMMARY] t=83072    sub=1A   success_rate_100=0.735 reward_mean_100=3.203 ep_len_mean_100=125.1 dist_mean_100=0.1195 xy_mean_100=0.0559 z_mean_100=0.1017 stable_mean_100=0.00 yaw_mean_100=0.0138
[SUMMARY] t=83576    sub=1A   success_rate_100=0.738 reward_mean_100=3.222 ep_len_mean_100=124.4 dist_mean_100=0.1189 xy_mean_100=0.0554 z_mean_100=0.1013 stable_mean_100=0.00 yaw_mean_100=0.0138
[SUMMARY] t=84136    sub=1A   success_rate_100=0.741 reward_mean_100=3.247 ep_len_mean_100=123.7 dist_mean_100=0.1185 xy_mean_100=0.0550 z_mean_100=0.1010 stable_mean_100=0.00 yaw_mean_100=0.0138
[SUMMARY] t=84448    sub=1A   success_rate_100=0.744 reward_mean_100=3.263 ep_len_mean_100=122.7 dist_mean_100=0.1180 xy_mean_100=0.0547 z_mean_100=0.1007 stable_mean_100=0.00 yaw_mean_100=0.0138
[SUMMARY] t=84920    sub=1A   success_rate_100=0.747 reward_mean_100=3.269 ep_len_mean_100=122.0 dist_mean_100=0.1175 xy_mean_100=0.0543 z_mean_100=0.1004 stable_mean_100=0.00 yaw_mean_100=0.0139
[SUMMARY] t=85224    sub=1A   success_rate_100=0.750 reward_mean_100=3.281 ep_len_mean_100=121.1 dist_mean_100=0.1170 xy_mean_100=0.0539 z_mean_100=0.1001 stable_mean_100=0.00 yaw_mean_100=0.0138
[SUMMARY] t=85704    sub=1A   success_rate_100=0.753 reward_mean_100=3.299 ep_len_mean_100=120.4 dist_mean_100=0.1166 xy_mean_100=0.0535 z_mean_100=0.0998 stable_mean_100=0.00 yaw_mean_100=0.0138
[SUMMARY] t=86152    sub=1A   success_rate_100=0.756 reward_mean_100=3.308 ep_len_mean_100=119.7 dist_mean_100=0.1162 xy_mean_100=0.0533 z_mean_100=0.0994 stable_mean_100=0.00 yaw_mean_100=0.0138
[SUMMARY] t=86632    sub=1A   success_rate_100=0.758 reward_mean_100=3.328 ep_len_mean_100=119.0 dist_mean_100=0.1157 xy_mean_100=0.0528 z_mean_100=0.0992 stable_mean_100=0.00 yaw_mean_100=0.0138
[SUMMARY] t=86904    sub=1A   success_rate_100=0.761 reward_mean_100=3.332 ep_len_mean_100=118.1 dist_mean_100=0.1153 xy_mean_100=0.0528 z_mean_100=0.0988 stable_mean_100=0.00 yaw_mean_100=0.0139
[SUMMARY] t=87392    sub=1A   success_rate_100=0.763 reward_mean_100=3.353 ep_len_mean_100=117.5 dist_mean_100=0.1149 xy_mean_100=0.0524 z_mean_100=0.0985 stable_mean_100=0.00 yaw_mean_100=0.0139
[SUMMARY] t=88016    sub=1A   success_rate_100=0.766 reward_mean_100=3.375 ep_len_mean_100=117.0 dist_mean_100=0.1145 xy_mean_100=0.0522 z_mean_100=0.0982 stable_mean_100=0.00 yaw_mean_100=0.0139
[SUMMARY] t=88344    sub=1A   success_rate_100=0.768 reward_mean_100=3.386 ep_len_mean_100=116.2 dist_mean_100=0.1141 xy_mean_100=0.0522 z_mean_100=0.0977 stable_mean_100=0.00 yaw_mean_100=0.0139
[SUMMARY] t=88784    sub=1A   success_rate_100=0.771 reward_mean_100=3.399 ep_len_mean_100=115.6 dist_mean_100=0.1137 xy_mean_100=0.0519 z_mean_100=0.0975 stable_mean_100=0.00 yaw_mean_100=0.0139
[SUMMARY] t=89264    sub=1A   success_rate_100=0.773 reward_mean_100=3.407 ep_len_mean_100=115.0 dist_mean_100=0.1134 xy_mean_100=0.0517 z_mean_100=0.0972 stable_mean_100=0.00 yaw_mean_100=0.0139
[SUMMARY] t=89712    sub=1A   success_rate_100=0.776 reward_mean_100=3.421 ep_len_mean_100=114.4 dist_mean_100=0.1130 xy_mean_100=0.0513 z_mean_100=0.0970 stable_mean_100=0.00 yaw_mean_100=0.0139
[SUMMARY] t=90216    sub=1A   success_rate_100=0.778 reward_mean_100=3.435 ep_len_mean_100=113.9 dist_mean_100=0.1126 xy_mean_100=0.0510 z_mean_100=0.0967 stable_mean_100=0.00 yaw_mean_100=0.0139
[SUMMARY] t=90536    sub=1A   success_rate_100=0.780 reward_mean_100=3.441 ep_len_mean_100=113.2 dist_mean_100=0.1122 xy_mean_100=0.0507 z_mean_100=0.0965 stable_mean_100=0.00 yaw_mean_100=0.0139
[SUMMARY] t=91280    sub=1A   success_rate_100=0.790 reward_mean_100=3.491 ep_len_mean_100=111.9 dist_mean_100=0.1103 xy_mean_100=0.0499 z_mean_100=0.0948 stable_mean_100=0.00 yaw_mean_100=0.0139
[SUMMARY] t=91712    sub=1A   success_rate_100=0.800 reward_mean_100=3.539 ep_len_mean_100=110.2 dist_mean_100=0.1088 xy_mean_100=0.0488 z_mean_100=0.0936 stable_mean_100=0.00 yaw_mean_100=0.0139
[SUMMARY] t=92104    sub=1A   success_rate_100=0.810 reward_mean_100=3.596 ep_len_mean_100=108.5 dist_mean_100=0.1063 xy_mean_100=0.0479 z_mean_100=0.0913 stable_mean_100=0.00 yaw_mean_100=0.0140
[SUMMARY] t=92392    sub=1A   success_rate_100=0.820 reward_mean_100=3.636 ep_len_mean_100=106.7 dist_mean_100=0.1046 xy_mean_100=0.0477 z_mean_100=0.0897 stable_mean_100=0.00 yaw_mean_100=0.0140
[SUMMARY] t=92728    sub=1A   success_rate_100=0.830 reward_mean_100=3.692 ep_len_mean_100=104.9 dist_mean_100=0.1012 xy_mean_100=0.0467 z_mean_100=0.0864 stable_mean_100=0.00 yaw_mean_100=0.0141
[SUMMARY] t=93120    sub=1A   success_rate_100=0.830 reward_mean_100=3.676 ep_len_mean_100=104.1 dist_mean_100=0.1012 xy_mean_100=0.0469 z_mean_100=0.0863 stable_mean_100=0.00 yaw_mean_100=0.0141
[SUMMARY] t=93520    sub=1A   success_rate_100=0.840 reward_mean_100=3.731 ep_len_mean_100=102.4 dist_mean_100=0.0986 xy_mean_100=0.0461 z_mean_100=0.0839 stable_mean_100=0.00 yaw_mean_100=0.0141
[SUMMARY] t=93840    sub=1A   success_rate_100=0.850 reward_mean_100=3.784 ep_len_mean_100=100.6 dist_mean_100=0.0950 xy_mean_100=0.0444 z_mean_100=0.0807 stable_mean_100=0.00 yaw_mean_100=0.0141
[SUMMARY] t=94160    sub=1A   success_rate_100=0.860 reward_mean_100=3.838 ep_len_mean_100=98.8 dist_mean_100=0.0928 xy_mean_100=0.0439 z_mean_100=0.0786 stable_mean_100=0.00 yaw_mean_100=0.0141
[SUMMARY] t=94552    sub=1A   success_rate_100=0.870 reward_mean_100=3.888 ep_len_mean_100=97.1 dist_mean_100=0.0916 xy_mean_100=0.0429 z_mean_100=0.0778 stable_mean_100=0.00 yaw_mean_100=0.0141
[SUMMARY] t=95024    sub=1A   success_rate_100=0.880 reward_mean_100=3.945 ep_len_mean_100=95.5 dist_mean_100=0.0904 xy_mean_100=0.0415 z_mean_100=0.0772 stable_mean_100=0.00 yaw_mean_100=0.0140
[SUMMARY] t=95440    sub=1A   success_rate_100=0.890 reward_mean_100=3.972 ep_len_mean_100=93.8 dist_mean_100=0.0890 xy_mean_100=0.0409 z_mean_100=0.0759 stable_mean_100=0.00 yaw_mean_100=0.0140
[SUMMARY] t=95728    sub=1A   success_rate_100=0.900 reward_mean_100=4.010 ep_len_mean_100=91.9 dist_mean_100=0.0874 xy_mean_100=0.0405 z_mean_100=0.0744 stable_mean_100=0.00 yaw_mean_100=0.0140
[SUMMARY] t=96160    sub=1A   success_rate_100=0.910 reward_mean_100=4.056 ep_len_mean_100=90.3 dist_mean_100=0.0859 xy_mean_100=0.0395 z_mean_100=0.0732 stable_mean_100=0.00 yaw_mean_100=0.0139
[SUMMARY] t=96528    sub=1A   success_rate_100=0.920 reward_mean_100=4.109 ep_len_mean_100=88.5 dist_mean_100=0.0835 xy_mean_100=0.0376 z_mean_100=0.0717 stable_mean_100=0.00 yaw_mean_100=0.0139
[SUMMARY] t=97160    sub=1A   success_rate_100=0.930 reward_mean_100=4.165 ep_len_mean_100=87.1 dist_mean_100=0.0831 xy_mean_100=0.0370 z_mean_100=0.0716 stable_mean_100=0.00 yaw_mean_100=0.0139
[SUMMARY] t=97664    sub=1A   success_rate_100=0.940 reward_mean_100=4.220 ep_len_mean_100=85.6 dist_mean_100=0.0819 xy_mean_100=0.0357 z_mean_100=0.0711 stable_mean_100=0.00 yaw_mean_100=0.0139
[SUMMARY] t=97984    sub=1A   success_rate_100=0.950 reward_mean_100=4.236 ep_len_mean_100=83.8 dist_mean_100=0.0816 xy_mean_100=0.0356 z_mean_100=0.0708 stable_mean_100=0.00 yaw_mean_100=0.0139
[SUMMARY] t=98520    sub=1A   success_rate_100=0.960 reward_mean_100=4.287 ep_len_mean_100=82.2 dist_mean_100=0.0802 xy_mean_100=0.0349 z_mean_100=0.0695 stable_mean_100=0.00 yaw_mean_100=0.0140
[SUMMARY] t=98880    sub=1A   success_rate_100=0.960 reward_mean_100=4.296 ep_len_mean_100=81.0 dist_mean_100=0.0802 xy_mean_100=0.0349 z_mean_100=0.0696 stable_mean_100=0.00 yaw_mean_100=0.0140
[SUMMARY] t=99136    sub=1A   success_rate_100=0.960 reward_mean_100=4.303 ep_len_mean_100=80.0 dist_mean_100=0.0802 xy_mean_100=0.0349 z_mean_100=0.0696 stable_mean_100=0.00 yaw_mean_100=0.0140
[SUMMARY] t=99480    sub=1A   success_rate_100=0.960 reward_mean_100=4.312 ep_len_mean_100=79.5 dist_mean_100=0.0802 xy_mean_100=0.0344 z_mean_100=0.0697 stable_mean_100=0.00 yaw_mean_100=0.0140
